This is pdfTeX, Version 3.14159265-2.6-1.40.16 (TeX Live 2015/W32TeX) (preloaded format=pdflatex 2015.11.26)  27 NOV 2015 12:03
entering extended mode
 restricted \write18 enabled.
 %&-line parsing enabled.
**./report.tex
(./report.tex
LaTeX2e <2015/10/01> patch level 2
Babel <3.9m> and hyphenation patterns for 79 languages loaded.
(c:/texlive/2015/texmf-dist/tex/latex/base/article.cls
Document Class: article 2014/09/29 v1.4h Standard LaTeX document class
(c:/texlive/2015/texmf-dist/tex/latex/base/size11.clo
File: size11.clo 2014/09/29 v1.4h Standard LaTeX file (size option)
)
\c@part=\count79
\c@section=\count80
\c@subsection=\count81
\c@subsubsection=\count82
\c@paragraph=\count83
\c@subparagraph=\count84
\c@figure=\count85
\c@table=\count86
\abovecaptionskip=\skip41
\belowcaptionskip=\skip42
\bibindent=\dimen102
)
(c:/texlive/2015/texmf-dist/tex/latex/base/latexsym.sty
Package: latexsym 1998/08/17 v2.2e Standard LaTeX package (lasy symbols)
\symlasy=\mathgroup4
LaTeX Font Info:    Overwriting symbol font `lasy' in version `bold'
(Font)                  U/lasy/m/n --> U/lasy/b/n on input line 52.
)
(c:/texlive/2015/texmf-dist/tex/latex/amsmath/amsmath.sty
Package: amsmath 2013/01/14 v2.14 AMS math features
\@mathmargin=\skip43

For additional information on amsmath, use the `?' option.
(c:/texlive/2015/texmf-dist/tex/latex/amsmath/amstext.sty
Package: amstext 2000/06/29 v2.01

(c:/texlive/2015/texmf-dist/tex/latex/amsmath/amsgen.sty
File: amsgen.sty 1999/11/30 v2.0
\@emptytoks=\toks14
\ex@=\dimen103
))
(c:/texlive/2015/texmf-dist/tex/latex/amsmath/amsbsy.sty
Package: amsbsy 1999/11/29 v1.2d
\pmbraise@=\dimen104
)
(c:/texlive/2015/texmf-dist/tex/latex/amsmath/amsopn.sty
Package: amsopn 1999/12/14 v2.01 operator names
)
\inf@bad=\count87
LaTeX Info: Redefining \frac on input line 210.
\uproot@=\count88
\leftroot@=\count89
LaTeX Info: Redefining \overline on input line 306.
\classnum@=\count90
\DOTSCASE@=\count91
LaTeX Info: Redefining \ldots on input line 378.
LaTeX Info: Redefining \dots on input line 381.
LaTeX Info: Redefining \cdots on input line 466.
\Mathstrutbox@=\box26
\strutbox@=\box27
\big@size=\dimen105
LaTeX Font Info:    Redeclaring font encoding OML on input line 566.
LaTeX Font Info:    Redeclaring font encoding OMS on input line 567.
\macc@depth=\count92
\c@MaxMatrixCols=\count93
\dotsspace@=\muskip10
\c@parentequation=\count94
\dspbrk@lvl=\count95
\tag@help=\toks15
\row@=\count96
\column@=\count97
\maxfields@=\count98
\andhelp@=\toks16
\eqnshift@=\dimen106
\alignsep@=\dimen107
\tagshift@=\dimen108
\tagwidth@=\dimen109
\totwidth@=\dimen110
\lineht@=\dimen111
\@envbody=\toks17
\multlinegap=\skip44
\multlinetaggap=\skip45
\mathdisplay@stack=\toks18
LaTeX Info: Redefining \[ on input line 2665.
LaTeX Info: Redefining \] on input line 2666.
)
(c:/texlive/2015/texmf-dist/tex/latex/amsfonts/amssymb.sty
Package: amssymb 2013/01/14 v3.01 AMS font symbols

(c:/texlive/2015/texmf-dist/tex/latex/amsfonts/amsfonts.sty
Package: amsfonts 2013/01/14 v3.01 Basic AMSFonts support
\symAMSa=\mathgroup5
\symAMSb=\mathgroup6
LaTeX Font Info:    Overwriting math alphabet `\mathfrak' in version `bold'
(Font)                  U/euf/m/n --> U/euf/b/n on input line 106.
))
(c:/texlive/2015/texmf-dist/tex/latex/amscls/amsthm.sty
Package: amsthm 2015/03/04 v2.20.2
\thm@style=\toks19
\thm@bodyfont=\toks20
\thm@headfont=\toks21
\thm@notefont=\toks22
\thm@headpunct=\toks23
\thm@preskip=\skip46
\thm@postskip=\skip47
\thm@headsep=\skip48
\dth@everypar=\toks24
)
(c:/texlive/2015/texmf-dist/tex/latex/graphics/graphicx.sty
Package: graphicx 2014/10/28 v1.0g Enhanced LaTeX Graphics (DPC,SPQR)

(c:/texlive/2015/texmf-dist/tex/latex/graphics/keyval.sty
Package: keyval 2014/10/28 v1.15 key=value parser (DPC)
\KV@toks@=\toks25
)
(c:/texlive/2015/texmf-dist/tex/latex/graphics/graphics.sty
Package: graphics 2014/10/28 v1.0p Standard LaTeX Graphics (DPC,SPQR)

(c:/texlive/2015/texmf-dist/tex/latex/graphics/trig.sty
Package: trig 1999/03/16 v1.09 sin cos tan (DPC)
)
(c:/texlive/2015/texmf-dist/tex/latex/latexconfig/graphics.cfg
File: graphics.cfg 2010/04/23 v1.9 graphics configuration of TeX Live
)
Package graphics Info: Driver file: pdftex.def on input line 94.

(c:/texlive/2015/texmf-dist/tex/latex/pdftex-def/pdftex.def
File: pdftex.def 2011/05/27 v0.06d Graphics/color for pdfTeX

(c:/texlive/2015/texmf-dist/tex/generic/oberdiek/infwarerr.sty
Package: infwarerr 2010/04/08 v1.3 Providing info/warning/error messages (HO)
)
(c:/texlive/2015/texmf-dist/tex/generic/oberdiek/ltxcmds.sty
Package: ltxcmds 2011/11/09 v1.22 LaTeX kernel commands for general use (HO)
)
\Gread@gobject=\count99
))
\Gin@req@height=\dimen112
\Gin@req@width=\dimen113
)
(c:/texlive/2015/texmf-dist/tex/latex/wrapfig/wrapfig.sty
\wrapoverhang=\dimen114
\WF@size=\dimen115
\c@WF@wrappedlines=\count100
\WF@box=\box28
\WF@everypar=\toks26
Package: wrapfig 2003/01/31  v 3.6
)
(c:/texlive/2015/texmf-dist/tex/latex/pseudocode/pseudocode.sty
** 
** Document Style `pseudocode' - environment 
** by D.L. Kreher and D.R. Stinson 
** 
** The pseudocode environment was originally developed for the book
** Combinatorial Algorithms: Enumeration, Generation, and Search
** CRC Press, 1999. 
Package: pseudocode 
\pcode@width=\skip49
(c:/texlive/2015/texmf-dist/tex/latex/fancybox/fancybox.sty
Package: fancybox 2010/05/15 1.4

Style option: `fancybox' v1.4 <2010/05/15> (tvz)
\@fancybox=\box29
\shadowsize=\dimen116
\@Sbox=\box30
\do@VerbBox=\toks27
\the@fancyput=\toks28
\this@fancyput=\toks29
\EndVerbatimTokens=\toks30
\Verbatim@Outfile=\write3
\Verbatim@Infile=\read1
) (c:/texlive/2015/texmf-dist/tex/latex/base/ifthen.sty
Package: ifthen 2014/09/29 v1.1c Standard LaTeX ifthen package (DPC)
)
\c@pseudocode=\count101
\c@pseudonum=\count102
)
(c:/texlive/2015/texmf-dist/tex/latex/url/url.sty
\Urlmuskip=\muskip11
Package: url 2013/09/16  ver 3.4  Verb mode for urls, etc.
)
(c:/texlive/2015/texmf-dist/tex/latex/tools/array.sty
Package: array 2014/10/28 v2.4c Tabular extension package (FMi)
\col@sep=\dimen117
\extrarowheight=\dimen118
\NC@list=\toks31
\extratabsurround=\skip50
\backup@length=\skip51
)
(c:/texlive/2015/texmf-dist/tex/latex/algorithms/algorithm.sty
Package: algorithm 2009/08/24 v0.1 Document Style `algorithm' - floating enviro
nment

(c:/texlive/2015/texmf-dist/tex/latex/float/float.sty
Package: float 2001/11/08 v1.3d Float enhancements (AL)
\c@float@type=\count103
\float@exts=\toks32
\float@box=\box31
\@float@everytoks=\toks33
\@floatcapt=\box32
)
\@float@every@algorithm=\toks34
\c@algorithm=\count104
)
(c:/texlive/2015/texmf-dist/tex/latex/algorithmicx/algpseudocode.sty
Package: algpseudocode 

(c:/texlive/2015/texmf-dist/tex/latex/algorithmicx/algorithmicx.sty
Package: algorithmicx 2005/04/27 v1.2 Algorithmicx

Document Style algorithmicx 1.2 - a greatly improved `algorithmic' style
\c@ALG@line=\count105
\c@ALG@rem=\count106
\c@ALG@nested=\count107
\ALG@tlm=\skip52
\ALG@thistlm=\skip53
\c@ALG@Lnr=\count108
\c@ALG@blocknr=\count109
\c@ALG@storecount=\count110
\c@ALG@tmpcounter=\count111
\ALG@tmplength=\skip54
)
Document Style - pseudocode environments for use with the `algorithmicx' style
) (c:/texlive/2015/texmf-dist/tex/latex/makebox/makebox.sty
Package: makebox 2004/07/31 v0.1 extend makebox command
)
(c:/texlive/2015/texmf-dist/tex/latex/mathtools/mathtools.sty
Package: mathtools 2015/11/12 v1.18 mathematical typesetting tools

(c:/texlive/2015/texmf-dist/tex/latex/tools/calc.sty
Package: calc 2014/10/28 v4.3 Infix arithmetic (KKT,FJ)
\calc@Acount=\count112
\calc@Bcount=\count113
\calc@Adimen=\dimen119
\calc@Bdimen=\dimen120
\calc@Askip=\skip55
\calc@Bskip=\skip56
LaTeX Info: Redefining \setlength on input line 80.
LaTeX Info: Redefining \addtolength on input line 81.
\calc@Ccount=\count114
\calc@Cskip=\skip57
)
(c:/texlive/2015/texmf-dist/tex/latex/mathtools/mhsetup.sty
Package: mhsetup 2010/01/21 v1.2a programming setup (MH)
)
LaTeX Info: Thecontrolsequence`\('isalreadyrobust on input line 129.
LaTeX Info: Thecontrolsequence`\)'isalreadyrobust on input line 129.
LaTeX Info: Thecontrolsequence`\['isalreadyrobust on input line 129.
LaTeX Info: Thecontrolsequence`\]'isalreadyrobust on input line 129.
\g_MT_multlinerow_int=\count115
\l_MT_multwidth_dim=\dimen121
\origjot=\skip58
\l_MT_shortvdotswithinadjustabove_dim=\dimen122
\l_MT_shortvdotswithinadjustbelow_dim=\dimen123
\l_MT_above_intertext_sep=\dimen124
\l_MT_below_intertext_sep=\dimen125
\l_MT_above_shortintertext_sep=\dimen126
\l_MT_below_shortintertext_sep=\dimen127
)
(c:/texlive/2015/texmf-dist/tex/latex/svg/svg.sty
Package: svg 2012/09/05 v1.0 SVG inclusion and extraction

(c:/texlive/2015/texmf-dist/tex/latex/xkeyval/xkeyval.sty
Package: xkeyval 2014/12/03 v2.7a package option processing (HA)

(c:/texlive/2015/texmf-dist/tex/generic/xkeyval/xkeyval.tex
(c:/texlive/2015/texmf-dist/tex/generic/xkeyval/xkvutils.tex
\XKV@toks=\toks35
\XKV@tempa@toks=\toks36
)
\XKV@depth=\count116
File: xkeyval.tex 2014/12/03 v2.7a key=value parser (HA)
))
(c:/texlive/2015/texmf-dist/tex/latex/subfig/subfig.sty
Package: subfig 2005/06/28 ver: 1.3 subfig package

(c:/texlive/2015/texmf-dist/tex/latex/caption/caption.sty
Package: caption 2015/09/17 v3.3-111 Customizing captions (AR)

(c:/texlive/2015/texmf-dist/tex/latex/caption/caption3.sty
Package: caption3 2015/09/20 v1.7-115 caption3 kernel (AR)
Package caption3 Info: TeX engine: e-TeX on input line 57.
\captionmargin=\dimen128
\captionmargin@=\dimen129
\captionwidth=\dimen130
\caption@tempdima=\dimen131
\caption@indent=\dimen132
\caption@parindent=\dimen133
\caption@hangindent=\dimen134
)
\c@ContinuedFloat=\count117
Package caption Info: float package is loaded.
Package caption Info: wrapfig package is loaded.
)
\c@KVtest=\count118
\sf@farskip=\skip59
\sf@captopadj=\dimen135
\sf@capskip=\skip60
\sf@nearskip=\skip61
\c@subfigure=\count119
\c@subfigure@save=\count120
\c@lofdepth=\count121
\c@subtable=\count122
\c@subtable@save=\count123
\c@lotdepth=\count124
\sf@top=\skip62
\sf@bottom=\skip63
)
(c:/texlive/2015/texmf-dist/tex/latex/import/import.sty
Package: import 2009/03/23  v 5.1
)
(c:/texlive/2015/texmf-dist/tex/latex/oberdiek/transparent.sty
Package: transparent 2007/01/08 v1.0 Transparency via pdfTeX's color stack (HO)


(c:/texlive/2015/texmf-dist/tex/generic/oberdiek/ifpdf.sty
Package: ifpdf 2011/01/30 v2.3 Provides the ifpdf switch (HO)
Package ifpdf Info: pdfTeX in PDF mode is detected.
)
(c:/texlive/2015/texmf-dist/tex/latex/oberdiek/auxhook.sty
Package: auxhook 2011/03/04 v1.3 Hooks for auxiliary files (HO)
))
(c:/texlive/2015/texmf-dist/tex/latex/xcolor/xcolor.sty
Package: xcolor 2007/01/21 v2.11 LaTeX color extensions (UK)

(c:/texlive/2015/texmf-dist/tex/latex/latexconfig/color.cfg
File: color.cfg 2007/01/18 v1.5 color configuration of teTeX/TeXLive
)
Package xcolor Info: Driver file: pdftex.def on input line 225.
Package xcolor Info: Model `cmy' substituted by `cmy0' on input line 1337.
Package xcolor Info: Model `hsb' substituted by `rgb' on input line 1341.
Package xcolor Info: Model `RGB' extended on input line 1353.
Package xcolor Info: Model `HTML' substituted by `rgb' on input line 1355.
Package xcolor Info: Model `Hsb' substituted by `hsb' on input line 1356.
Package xcolor Info: Model `tHsb' substituted by `hsb' on input line 1357.
Package xcolor Info: Model `HSB' substituted by `hsb' on input line 1358.
Package xcolor Info: Model `Gray' substituted by `gray' on input line 1359.
Package xcolor Info: Model `wave' substituted by `hsb' on input line 1360.
)
\SVG@out@width=\skip64
\SVG@out@height=\skip65
\c@svgfigure=\count125
)
(c:/texlive/2015/texmf-dist/tex/latex/multirow/multirow.sty
\bigstrutjot=\dimen136
)
(c:/texlive/2015/texmf-dist/tex/latex/hyperref/hyperref.sty
Package: hyperref 2012/11/06 v6.83m Hypertext links for LaTeX

(c:/texlive/2015/texmf-dist/tex/generic/oberdiek/hobsub-hyperref.sty
Package: hobsub-hyperref 2012/05/28 v1.13 Bundle oberdiek, subset hyperref (HO)


(c:/texlive/2015/texmf-dist/tex/generic/oberdiek/hobsub-generic.sty
Package: hobsub-generic 2012/05/28 v1.13 Bundle oberdiek, subset generic (HO)
Package: hobsub 2012/05/28 v1.13 Construct package bundles (HO)
Package hobsub Info: Skipping package `infwarerr' (already loaded).
Package hobsub Info: Skipping package `ltxcmds' (already loaded).
Package: ifluatex 2010/03/01 v1.3 Provides the ifluatex switch (HO)
Package ifluatex Info: LuaTeX not detected.
Package: ifvtex 2010/03/01 v1.5 Detect VTeX and its facilities (HO)
Package ifvtex Info: VTeX not detected.
Package: intcalc 2007/09/27 v1.1 Expandable calculations with integers (HO)
Package hobsub Info: Skipping package `ifpdf' (already loaded).
Package: etexcmds 2011/02/16 v1.5 Avoid name clashes with e-TeX commands (HO)
Package etexcmds Info: Could not find \expanded.
(etexcmds)             That can mean that you are not using pdfTeX 1.50 or
(etexcmds)             that some package has redefined \expanded.
(etexcmds)             In the latter case, load this package earlier.
Package: kvsetkeys 2012/04/25 v1.16 Key value parser (HO)
Package: kvdefinekeys 2011/04/07 v1.3 Define keys (HO)
Package: pdftexcmds 2011/11/29 v0.20 Utility functions of pdfTeX for LuaTeX (HO
)
Package pdftexcmds Info: LuaTeX not detected.
Package pdftexcmds Info: \pdf@primitive is available.
Package pdftexcmds Info: \pdf@ifprimitive is available.
Package pdftexcmds Info: \pdfdraftmode found.
Package: pdfescape 2011/11/25 v1.13 Implements pdfTeX's escape features (HO)
Package: bigintcalc 2012/04/08 v1.3 Expandable calculations on big integers (HO
)
Package: bitset 2011/01/30 v1.1 Handle bit-vector datatype (HO)
Package: uniquecounter 2011/01/30 v1.2 Provide unlimited unique counter (HO)
)
Package hobsub Info: Skipping package `hobsub' (already loaded).
Package: letltxmacro 2010/09/02 v1.4 Let assignment for LaTeX macros (HO)
Package: hopatch 2012/05/28 v1.2 Wrapper for package hooks (HO)
Package: xcolor-patch 2011/01/30 xcolor patch
Package: atveryend 2011/06/30 v1.8 Hooks at the very end of document (HO)
Package atveryend Info: \enddocument detected (standard20110627).
Package: atbegshi 2011/10/05 v1.16 At begin shipout hook (HO)
Package: refcount 2011/10/16 v3.4 Data extraction from label references (HO)
Package: hycolor 2011/01/30 v1.7 Color options for hyperref/bookmark (HO)
)
(c:/texlive/2015/texmf-dist/tex/generic/ifxetex/ifxetex.sty
Package: ifxetex 2010/09/12 v0.6 Provides ifxetex conditional
)
(c:/texlive/2015/texmf-dist/tex/latex/oberdiek/kvoptions.sty
Package: kvoptions 2011/06/30 v3.11 Key value format for package options (HO)
)
\@linkdim=\dimen137
\Hy@linkcounter=\count126
\Hy@pagecounter=\count127

(c:/texlive/2015/texmf-dist/tex/latex/hyperref/pd1enc.def
File: pd1enc.def 2012/11/06 v6.83m Hyperref: PDFDocEncoding definition (HO)
)
\Hy@SavedSpaceFactor=\count128

(c:/texlive/2015/texmf-dist/tex/latex/latexconfig/hyperref.cfg
File: hyperref.cfg 2002/06/06 v1.2 hyperref configuration of TeXLive
)
Package hyperref Info: Option `colorlinks' set `true' on input line 4319.
Package hyperref Info: Hyper figures OFF on input line 4443.
Package hyperref Info: Link nesting OFF on input line 4448.
Package hyperref Info: Hyper index ON on input line 4451.
Package hyperref Info: Plain pages OFF on input line 4458.
Package hyperref Info: Backreferencing ON on input line 4461.
Package hyperref Info: Implicit mode ON; LaTeX internals redefined.
Package hyperref Info: Bookmarks ON on input line 4688.

(c:/texlive/2015/texmf-dist/tex/latex/hyperref/backref.sty
Package: backref 2012/07/25 v1.38 Bibliographical back referencing

(c:/texlive/2015/texmf-dist/tex/latex/oberdiek/rerunfilecheck.sty
Package: rerunfilecheck 2011/04/15 v1.7 Rerun checks for auxiliary files (HO)
Package uniquecounter Info: New unique counter `rerunfilecheck' on input line 2
82.
))
\c@Hy@tempcnt=\count129
LaTeX Info: Redefining \url on input line 5041.
\XeTeXLinkMargin=\dimen138
\Fld@menulength=\count130
\Field@Width=\dimen139
\Fld@charsize=\dimen140
Package hyperref Info: Hyper figures OFF on input line 6295.
Package hyperref Info: Link nesting OFF on input line 6300.
Package hyperref Info: Hyper index ON on input line 6303.
Package hyperref Info: backreferencing ON on input line 6308.
Package hyperref Info: Link coloring ON on input line 6313.
Package hyperref Info: Link coloring with OCG OFF on input line 6320.
Package hyperref Info: PDF/A mode OFF on input line 6325.
LaTeX Info: Redefining \ref on input line 6365.
LaTeX Info: Redefining \pageref on input line 6369.
\Hy@abspage=\count131
\c@Item=\count132
\c@Hfootnote=\count133
)

Package hyperref Message: Driver (autodetected): hpdftex.

(c:/texlive/2015/texmf-dist/tex/latex/hyperref/hpdftex.def
File: hpdftex.def 2012/11/06 v6.83m Hyperref driver for pdfTeX
\Fld@listcount=\count134
\c@bookmark@seq@number=\count135
\Hy@SectionHShift=\skip66
)
\c@theorem=\count136
 (./report.aux

LaTeX Warning: Label `fig:poohgrayscalebhedcut' multiply defined.

)
\openout1 = `report.aux'.

LaTeX Font Info:    Checking defaults for OML/cmm/m/it on input line 69.
LaTeX Font Info:    ... okay on input line 69.
LaTeX Font Info:    Checking defaults for T1/cmr/m/n on input line 69.
LaTeX Font Info:    ... okay on input line 69.
LaTeX Font Info:    Checking defaults for OT1/cmr/m/n on input line 69.
LaTeX Font Info:    ... okay on input line 69.
LaTeX Font Info:    Checking defaults for OMS/cmsy/m/n on input line 69.
LaTeX Font Info:    ... okay on input line 69.
LaTeX Font Info:    Checking defaults for OMX/cmex/m/n on input line 69.
LaTeX Font Info:    ... okay on input line 69.
LaTeX Font Info:    Checking defaults for U/cmr/m/n on input line 69.
LaTeX Font Info:    ... okay on input line 69.
LaTeX Font Info:    Checking defaults for PD1/pdf/m/n on input line 69.
LaTeX Font Info:    ... okay on input line 69.
 (c:/texlive/2015/texmf-dist/tex/context/base/supp-pdf.mkii
[Loading MPS to PDF converter (version 2006.09.02).]
\scratchcounter=\count137
\scratchdimen=\dimen141
\scratchbox=\box33
\nofMPsegments=\count138
\nofMParguments=\count139
\everyMPshowfont=\toks37
\MPscratchCnt=\count140
\MPscratchDim=\dimen142
\MPnumerator=\count141
\makeMPintoPDFobject=\count142
\everyMPtoPDFconversion=\toks38
) (c:/texlive/2015/texmf-dist/tex/latex/oberdiek/epstopdf-base.sty
Package: epstopdf-base 2010/02/09 v2.5 Base part for package epstopdf

(c:/texlive/2015/texmf-dist/tex/latex/oberdiek/grfext.sty
Package: grfext 2010/08/19 v1.1 Manage graphics extensions (HO)
)
Package grfext Info: Graphics extension search list:
(grfext)             [.png,.pdf,.jpg,.mps,.jpeg,.jbig2,.jb2,.PNG,.PDF,.JPG,.JPE
G,.JBIG2,.JB2,.eps]
(grfext)             \AppendGraphicsExtensions on input line 452.

(c:/texlive/2015/texmf-dist/tex/latex/latexconfig/epstopdf-sys.cfg
File: epstopdf-sys.cfg 2010/07/13 v1.3 Configuration of (r)epstopdf for TeX Liv
e
))
Package caption Info: Begin \AtBeginDocument code.
Package caption Info: subfig package v1.3 is loaded.
Package caption Info: hyperref package is loaded.
Package caption Info: End \AtBeginDocument code.
\AtBeginShipoutBox=\box34
Package hyperref Info: Link coloring ON on input line 69.

(c:/texlive/2015/texmf-dist/tex/latex/hyperref/nameref.sty
Package: nameref 2012/10/27 v2.43 Cross-referencing by name of section

(c:/texlive/2015/texmf-dist/tex/generic/oberdiek/gettitlestring.sty
Package: gettitlestring 2010/12/03 v1.4 Cleanup title references (HO)
)
\c@section@level=\count143
)
LaTeX Info: Redefining \ref on input line 69.
LaTeX Info: Redefining \pageref on input line 69.
LaTeX Info: Redefining \nameref on input line 69.

(./report.out) (./report.out)
\@outlinefile=\write4
\openout4 = `report.out'.

LaTeX Font Info:    Try loading font information for U+lasy on input line 74.

(c:/texlive/2015/texmf-dist/tex/latex/base/ulasy.fd
File: ulasy.fd 1998/08/17 v2.2e LaTeX symbol font definitions
)
LaTeX Font Info:    Try loading font information for U+msa on input line 74.

(c:/texlive/2015/texmf-dist/tex/latex/amsfonts/umsa.fd
File: umsa.fd 2013/01/14 v3.01 AMS symbols A
)
LaTeX Font Info:    Try loading font information for U+msb on input line 74.

(c:/texlive/2015/texmf-dist/tex/latex/amsfonts/umsb.fd
File: umsb.fd 2013/01/14 v3.01 AMS symbols B
)

LaTeX Warning: Citation `weighted-voronoi-stipples' on page 1 undefined on inpu
t line 75.


Overfull \hbox (14.82378pt too wide) in paragraph at lines 80--100
 [][] 
 []

Package hyperref Info: bookmark level for unknown algorithm defaults to 0 on in
put line 111.
[1

{c:/texlive/2015/texmf-var/fonts/map/pdftex/updmap/pdftex.map}pdfTeX warning (e
xt4): destination with the same identifier (name{figure.caption.2}) has been al
ready used, duplicate ignored

\AtBegShi@Output ...ipout \box \AtBeginShipoutBox 
                                                  \fi \fi 
l.124 \clearpage
                ]
Underfull \hbox (badness 10000) in paragraph at lines 135--140

 []


Underfull \hbox (badness 10000) in paragraph at lines 135--140

 []

LaTeX Font Info:    Try loading font information for OMS+cmr on input line 155.

(c:/texlive/2015/texmf-dist/tex/latex/base/omscmr.fd
File: omscmr.fd 2014/09/29 v2.5h Standard LaTeX font definitions
)
LaTeX Font Info:    Font shape `OMS/cmr/m/n' in size <10.95> not available
(Font)              Font shape `OMS/cmsy/m/n' tried instead on input line 155.
 [2

]

LaTeX Warning: Citation `weighted-voronoi-stipples' on page 3 undefined on inpu
t line 197.

[3pdfTeX warning (ext4): destination with the same identifier (name{figure.capt
ion.4}) has been already used, duplicate ignored

\AtBegShi@Output ...ipout \box \AtBeginShipoutBox 
                                                  \fi \fi 
l.218 \clearpage
                ]
<FIGS/hedcut/svg/phoenix-5000-h1.pdf, id=97, 536.56747pt x 343.78505pt>
File: FIGS/hedcut/svg/phoenix-5000-h1.pdf Graphic file (type pdf)

<use FIGS/hedcut/svg/phoenix-5000-h1.pdf>
Package pdftex.def Info: FIGS/hedcut/svg/phoenix-5000-h1.pdf used on input line
 241.
(pdftex.def)             Requested size: 108.04163pt x 69.22266pt.

<FIGS/hedcut/svg/phoenix-5000-h2.pdf, id=98, 535.9984pt x 344.04227pt>
File: FIGS/hedcut/svg/phoenix-5000-h2.pdf Graphic file (type pdf)

<use FIGS/hedcut/svg/phoenix-5000-h2.pdf>
Package pdftex.def Info: FIGS/hedcut/svg/phoenix-5000-h2.pdf used on input line
 242.
(pdftex.def)             Requested size: 108.04163pt x 69.34795pt.

<FIGS/hedcut/svg/phoenix-5000-h3.pdf, id=99, 538.95218pt x 346.20541pt>
File: FIGS/hedcut/svg/phoenix-5000-h3.pdf Graphic file (type pdf)

<use FIGS/hedcut/svg/phoenix-5000-h3.pdf>
Package pdftex.def Info: FIGS/hedcut/svg/phoenix-5000-h3.pdf used on input line
 243.
(pdftex.def)             Requested size: 108.04163pt x 69.39833pt.

<FIGS/voronoi/svg/phoenix-5000-v1.pdf, id=100, 533.7554pt x 344.47792pt>
File: FIGS/voronoi/svg/phoenix-5000-v1.pdf Graphic file (type pdf)

<use FIGS/voronoi/svg/phoenix-5000-v1.pdf>
Package pdftex.def Info: FIGS/voronoi/svg/phoenix-5000-v1.pdf used on input lin
e 251.
(pdftex.def)             Requested size: 108.04163pt x 69.72485pt.

<FIGS/voronoi/svg/phoenix-5000-v2.pdf, id=101, 533.7554pt x 344.47792pt>
File: FIGS/voronoi/svg/phoenix-5000-v2.pdf Graphic file (type pdf)

<use FIGS/voronoi/svg/phoenix-5000-v2.pdf>
Package pdftex.def Info: FIGS/voronoi/svg/phoenix-5000-v2.pdf used on input lin
e 252.
(pdftex.def)             Requested size: 108.04163pt x 69.72485pt.

<FIGS/voronoi/svg/phoenix-5000-v3.pdf, id=102, 533.7554pt x 344.47792pt>
File: FIGS/voronoi/svg/phoenix-5000-v3.pdf Graphic file (type pdf)

<use FIGS/voronoi/svg/phoenix-5000-v3.pdf>
Package pdftex.def Info: FIGS/voronoi/svg/phoenix-5000-v3.pdf used on input lin
e 253.
(pdftex.def)             Requested size: 108.04163pt x 69.72485pt.
 [4

 <./FIGS/hedcut/svg/phoenix-5000-h1.pdf> <./FIGS/hedcut/svg/phoenix-5000-h2.pdf


pdfTeX warning: pdflatex.exe (file ./FIGS/hedcut/svg/phoenix-5000-h2.pdf): PDF 
inclusion: multiple pdfs with page group included in a single page
> <./FIGS/hedcut/svg/phoenix-5000-h3.pdf

pdfTeX warning: pdflatex.exe (file ./FIGS/hedcut/svg/phoenix-5000-h3.pdf): PDF 
inclusion: multiple pdfs with page group included in a single page
> <./FIGS/voronoi/svg/phoenix-5000-v1.pdf

pdfTeX warning: pdflatex.exe (file ./FIGS/voronoi/svg/phoenix-5000-v1.pdf): PDF
 inclusion: multiple pdfs with page group included in a single page
> <./FIGS/voronoi/svg/phoenix-5000-v2.pdf

pdfTeX warning: pdflatex.exe (file ./FIGS/voronoi/svg/phoenix-5000-v2.pdf): PDF
 inclusion: multiple pdfs with page group included in a single page
> <./FIGS/voronoi/svg/phoenix-5000-v3.pdf

pdfTeX warning: pdflatex.exe (file ./FIGS/voronoi/svg/phoenix-5000-v3.pdf): PDF
 inclusion: multiple pdfs with page group included in a single page
>] <FIGS/hedcut/svg/klaymen-3000-h.pdf, id=123, 461.23412pt x 727.08871pt>
File: FIGS/hedcut/svg/klaymen-3000-h.pdf Graphic file (type pdf)

<use FIGS/hedcut/svg/klaymen-3000-h.pdf>
Package pdftex.def Info: FIGS/hedcut/svg/klaymen-3000-h.pdf used on input line 
265.
(pdftex.def)             Requested size: 84.55244pt x 133.28891pt.

<FIGS/hedcut/svg/klaymen-5000-h.pdf, id=124, 464.45033pt x 728.11887pt>
File: FIGS/hedcut/svg/klaymen-5000-h.pdf Graphic file (type pdf)

<use FIGS/hedcut/svg/klaymen-5000-h.pdf>
Package pdftex.def Info: FIGS/hedcut/svg/klaymen-5000-h.pdf used on input line 
268.
(pdftex.def)             Requested size: 84.55244pt x 132.5445pt.

<FIGS/hedcut/svg/klaymen-10000-h.pdf, id=125, 465.25911pt x 729.76822pt>
File: FIGS/hedcut/svg/klaymen-10000-h.pdf Graphic file (type pdf)

<use FIGS/hedcut/svg/klaymen-10000-h.pdf>
Package pdftex.def Info: FIGS/hedcut/svg/klaymen-10000-h.pdf used on input line
 271.
(pdftex.def)             Requested size: 84.55244pt x 132.62204pt.

<FIGS/hedcut/svg/klaymen-100000-h-nonblack.pdf, id=126, 483.66173pt x 775.15071
pt>
File: FIGS/hedcut/svg/klaymen-100000-h-nonblack.pdf Graphic file (type pdf)
 <use FIGS/hedcut/svg/klaymen-100000-h-nonblack.pdf>
Package pdftex.def Info: FIGS/hedcut/svg/klaymen-100000-h-nonblack.pdf used on 
input line 274.
(pdftex.def)             Requested size: 84.55244pt x 135.49963pt.

<FIGS/voronoi/svg/klaymen-1000-v.pdf, id=127, 455.81514pt x 720.4445pt>
File: FIGS/voronoi/svg/klaymen-1000-v.pdf Graphic file (type pdf)

<use FIGS/voronoi/svg/klaymen-1000-v.pdf>
Package pdftex.def Info: FIGS/voronoi/svg/klaymen-1000-v.pdf used on input line
 282.
(pdftex.def)             Requested size: 84.55244pt x 133.63193pt.

<FIGS/voronoi/svg/klaymen-5000-v.pdf, id=128, 466.57597pt x 750.40489pt>
File: FIGS/voronoi/svg/klaymen-5000-v.pdf Graphic file (type pdf)

<use FIGS/voronoi/svg/klaymen-5000-v.pdf>
Package pdftex.def Info: FIGS/voronoi/svg/klaymen-5000-v.pdf used on input line
 285.
(pdftex.def)             Requested size: 84.55244pt x 135.98306pt.

<FIGS/voronoi/svg/klaymen-20000-v.pdf, id=129, 476.43002pt x 769.14948pt>
File: FIGS/voronoi/svg/klaymen-20000-v.pdf Graphic file (type pdf)

<use FIGS/voronoi/svg/klaymen-20000-v.pdf>
Package pdftex.def Info: FIGS/voronoi/svg/klaymen-20000-v.pdf used on input lin
e 288.
(pdftex.def)             Requested size: 84.55244pt x 136.4927pt.

<FIGS/voronoi/svg/klaymen-100000-v.pdf, id=130, 478.9757pt x 769.51411pt>
File: FIGS/voronoi/svg/klaymen-100000-v.pdf Graphic file (type pdf)

<use FIGS/voronoi/svg/klaymen-100000-v.pdf>
Package pdftex.def Info: FIGS/voronoi/svg/klaymen-100000-v.pdf used on input li
ne 291.
(pdftex.def)             Requested size: 84.55244pt x 135.84117pt.
 [5 <./FIGS/hedcut/svg/klaymen-3000-h.pdf> <./FIGS/hedcut/svg/klaymen-5000-h.pd
f

pdfTeX warning: pdflatex.exe (file ./FIGS/hedcut/svg/klaymen-5000-h.pdf): PDF i
nclusion: multiple pdfs with page group included in a single page
> <./FIGS/hedcut/svg/klaymen-10000-h.pdf

pdfTeX warning: pdflatex.exe (file ./FIGS/hedcut/svg/klaymen-10000-h.pdf): PDF 
inclusion: multiple pdfs with page group included in a single page
> <./FIGS/hedcut/svg/klaymen-100000-h-nonblack.pdf

pdfTeX warning: pdflatex.exe (file ./FIGS/hedcut/svg/klaymen-100000-h-nonblack.
pdf): PDF inclusion: multiple pdfs with page group included in a single page
> <./FIGS/voronoi/svg/klaymen-1000-v.pdf

pdfTeX warning: pdflatex.exe (file ./FIGS/voronoi/svg/klaymen-1000-v.pdf): PDF 
inclusion: multiple pdfs with page group included in a single page
> <./FIGS/voronoi/svg/klaymen-5000-v.pdf

pdfTeX warning: pdflatex.exe (file ./FIGS/voronoi/svg/klaymen-5000-v.pdf): PDF 
inclusion: multiple pdfs with page group included in a single page
> <./FIGS/voronoi/svg/klaymen-20000-v.pdf

pdfTeX warning: pdflatex.exe (file ./FIGS/voronoi/svg/klaymen-20000-v.pdf): PDF
 inclusion: multiple pdfs with page group included in a single page
> <./FIGS/voronoi/svg/klaymen-100000-v.pdf

pdfTeX warning: pdflatex.exe (file ./FIGS/voronoi/svg/klaymen-100000-v.pdf): PD
F inclusion: multiple pdfs with page group included in a single page
>]
<FIGS/voronoi/running_time/klaymen-1000-v.png, id=157, 509.65407pt x 295.1025pt
>
File: FIGS/voronoi/running_time/klaymen-1000-v.png Graphic file (type png)
 <use FIGS/voronoi/running_time/klaymen-1000-v.png>
Package pdftex.def Info: FIGS/voronoi/running_time/klaymen-1000-v.png used on i
nput line 304.
(pdftex.def)             Requested size: 187.89912pt x 108.79895pt.

<FIGS/voronoi/running_time/klaymen-5000-v.png, id=159, 509.65407pt x 295.1025pt
>
File: FIGS/voronoi/running_time/klaymen-5000-v.png Graphic file (type png)
 <use FIGS/voronoi/running_time/klaymen-5000-v.png>
Package pdftex.def Info: FIGS/voronoi/running_time/klaymen-5000-v.png used on i
nput line 307.
(pdftex.def)             Requested size: 187.89912pt x 108.79895pt.

<FIGS/voronoi/running_time/klaymen-20000-v2.png, id=160, 510.40688pt x 128.7309
4pt>
File: FIGS/voronoi/running_time/klaymen-20000-v2.png Graphic file (type png)
 <use FIGS/voronoi/running_time/klaymen-20000-v2.png>
Package pdftex.def Info: FIGS/voronoi/running_time/klaymen-20000-v2.png used on
 input line 310.
(pdftex.def)             Requested size: 187.89912pt x 47.39005pt.

<FIGS/voronoi/running_time/klaymen-100000-v2.png, id=161, 510.40688pt x 126.472
5pt>
File: FIGS/voronoi/running_time/klaymen-100000-v2.png Graphic file (type png)
 <use FIGS/voronoi/running_time/klaymen-100000-v2.png>
Package pdftex.def Info: FIGS/voronoi/running_time/klaymen-100000-v2.png used o
n input line 313.
(pdftex.def)             Requested size: 187.89912pt x 46.55864pt.

<FIGS/voronoi/running_time/einstein-100-v2.png, id=162, 511.15968pt x 213.79875
pt>
File: FIGS/voronoi/running_time/einstein-100-v2.png Graphic file (type png)
 <use FIGS/voronoi/running_time/einstein-100-v2.png>
Package pdftex.def Info: FIGS/voronoi/running_time/einstein-100-v2.png used on 
input line 322.
(pdftex.def)             Requested size: 187.89912pt x 78.58885pt.

<FIGS/voronoi/running_time/einstein-5000-v2.png, id=163, 511.9125pt x 211.54031
pt>
File: FIGS/voronoi/running_time/einstein-5000-v2.png Graphic file (type png)
 <use FIGS/voronoi/running_time/einstein-5000-v2.png>
Package pdftex.def Info: FIGS/voronoi/running_time/einstein-5000-v2.png used on
 input line 325.
(pdftex.def)             Requested size: 187.89912pt x 77.6457pt.

<FIGS/voronoi/running_time/einstein-250000-v2.png, id=164, 509.65407pt x 96.36p
t>
File: FIGS/voronoi/running_time/einstein-250000-v2.png Graphic file (type png)
 <use FIGS/voronoi/running_time/einstein-250000-v2.png>
Package pdftex.def Info: FIGS/voronoi/running_time/einstein-250000-v2.png used 
on input line 328.
(pdftex.def)             Requested size: 187.89912pt x 35.52618pt.

<FIGS/voronoi/running_time/einstein-10000000-v2.png, id=165, 511.15968pt x 88.0
7906pt>
File: FIGS/voronoi/running_time/einstein-10000000-v2.png Graphic file (type png
)
 <use FIGS/voronoi/running_time/einstein-10000000-v2.png>
Package pdftex.def Info: FIGS/voronoi/running_time/einstein-10000000-v2.png use
d on input line 331.
(pdftex.def)             Requested size: 187.89912pt x 32.37637pt.
 [6

 <./FIGS/voronoi/running_time/klaymen-1000-v.png> <./FIGS/voronoi/running_time/
klaymen-5000-v.png> <./FIGS/voronoi/running_time/klaymen-20000-v2.png> <./FIGS/
voronoi/running_time/klaymen-100000-v2.png> <./FIGS/voronoi/running_time/einste
in-100-v2.png> <./FIGS/voronoi/running_time/einstein-5000-v2.png> <./FIGS/voron
oi/running_time/einstein-250000-v2.png> <./FIGS/voronoi/running_time/einstein-1
0000000-v2.png>]
<FIGS/hedcut/svg/einstein-medium-100-h-nonblack.pdf, id=191, 431.51588pt x 471.
93956pt>
File: FIGS/hedcut/svg/einstein-medium-100-h-nonblack.pdf Graphic file (type pdf
)
 <use FIGS/hedcut/svg/einstein-medium-100-h-nonblack.pdf>
Package pdftex.def Info: FIGS/hedcut/svg/einstein-medium-100-h-nonblack.pdf use
d on input line 344.
(pdftex.def)             Requested size: 70.46037pt x 77.06012pt.

<FIGS/hedcut/svg/einstein-medium-100-h-radius10.pdf, id=192, 436.99216pt x 476.
808pt>
File: FIGS/hedcut/svg/einstein-medium-100-h-radius10.pdf Graphic file (type pdf
)
 <use FIGS/hedcut/svg/einstein-medium-100-h-radius10.pdf>
Package pdftex.def Info: FIGS/hedcut/svg/einstein-medium-100-h-radius10.pdf use
d on input line 347.
(pdftex.def)             Requested size: 70.46037pt x 76.88014pt.

<FIGS/hedcut/svg/einstein-medium-100-h-radius30.pdf, id=193, 463.07294pt x 492.
35052pt>
File: FIGS/hedcut/svg/einstein-medium-100-h-radius30.pdf Graphic file (type pdf
)
 <use FIGS/hedcut/svg/einstein-medium-100-h-radius30.pdf>
Package pdftex.def Info: FIGS/hedcut/svg/einstein-medium-100-h-radius30.pdf use
d on input line 350.
(pdftex.def)             Requested size: 70.46037pt x 74.90868pt.

<FIGS/voronoi/svg/einstein-medium-100-v-c.pdf, id=194, 463.25348pt x 487.44131p
t>
File: FIGS/voronoi/svg/einstein-medium-100-v-c.pdf Graphic file (type pdf)
 <use FIGS/voronoi/svg/einstein-medium-100-v-c.pdf>
Package pdftex.def Info: FIGS/voronoi/svg/einstein-medium-100-v-c.pdf used on i
nput line 359.
(pdftex.def)             Requested size: 70.46037pt x 74.13945pt.

<FIGS/voronoi/svg/einstein-medium-100-v-f.pdf, id=195, 422.50323pt x 456.3478pt
>
File: FIGS/voronoi/svg/einstein-medium-100-v-f.pdf Graphic file (type pdf)
 <use FIGS/voronoi/svg/einstein-medium-100-v-f.pdf>
Package pdftex.def Info: FIGS/voronoi/svg/einstein-medium-100-v-f.pdf used on i
nput line 362.
(pdftex.def)             Requested size: 70.46037pt x 76.10187pt.

<FIGS/hedcut/svg/einstein-medium-5000-h-nonblack.pdf, id=198, 456.19212pt x 485
.89302pt>
File: FIGS/hedcut/svg/einstein-medium-5000-h-nonblack.pdf Graphic file (type pd
f)
 <use FIGS/hedcut/svg/einstein-medium-5000-h-nonblack.pdf>
Package pdftex.def Info: FIGS/hedcut/svg/einstein-medium-5000-h-nonblack.pdf us
ed on input line 377.
(pdftex.def)             Requested size: 108.04163pt x 115.07457pt.

<FIGS/voronoi/svg/einstein-medium-5000-v-c.pdf, id=199, 453.62366pt x 483.17354
pt>
File: FIGS/voronoi/svg/einstein-medium-5000-v-c.pdf Graphic file (type pdf)
 <use FIGS/voronoi/svg/einstein-medium-5000-v-c.pdf>
Package pdftex.def Info: FIGS/voronoi/svg/einstein-medium-5000-v-c.pdf used on 
input line 377.
(pdftex.def)             Requested size: 108.04163pt x 115.0793pt.

<FIGS/hedcut/svg/einstein-5000-h-nonblack.pdf, id=200, 945.71733pt x 1010.3452p
t>
File: FIGS/hedcut/svg/einstein-5000-h-nonblack.pdf Graphic file (type pdf)
 <use FIGS/hedcut/svg/einstein-5000-h-nonblack.pdf>
Package pdftex.def Info: FIGS/hedcut/svg/einstein-5000-h-nonblack.pdf used on i
nput line 385.
(pdftex.def)             Requested size: 108.04163pt x 115.42413pt.

<FIGS/voronoi/svg/einstein-5000-v-c.pdf, id=201, 950.0014pt x 1014.06516pt>
File: FIGS/voronoi/svg/einstein-5000-v-c.pdf Graphic file (type pdf)

<use FIGS/voronoi/svg/einstein-5000-v-c.pdf>
Package pdftex.def Info: FIGS/voronoi/svg/einstein-5000-v-c.pdf used on input l
ine 385.
(pdftex.def)             Requested size: 108.04163pt x 115.32301pt.
 [7 <./FIGS/hedcut/svg/einstein-medium-100-h-nonblack.pdf> <./FIGS/hedcut/svg/e
instein-medium-100-h-radius10.pdf

pdfTeX warning: pdflatex.exe (file ./FIGS/hedcut/svg/einstein-medium-100-h-radi
us10.pdf): PDF inclusion: multiple pdfs with page group included in a single pa
ge
> <./FIGS/hedcut/svg/einstein-medium-100-h-radius30.pdf

pdfTeX warning: pdflatex.exe (file ./FIGS/hedcut/svg/einstein-medium-100-h-radi
us30.pdf): PDF inclusion: multiple pdfs with page group included in a single pa
ge
> <./FIGS/voronoi/svg/einstein-medium-100-v-c.pdf

pdfTeX warning: pdflatex.exe (file ./FIGS/voronoi/svg/einstein-medium-100-v-c.p
df): PDF inclusion: multiple pdfs with page group included in a single page
> <./FIGS/voronoi/svg/einstein-medium-100-v-f.pdf

pdfTeX warning: pdflatex.exe (file ./FIGS/voronoi/svg/einstein-medium-100-v-f.p
df): PDF inclusion: multiple pdfs with page group included in a single page
> <./FIGS/hedcut/svg/einstein-medium-5000-h-nonblack.pdf

pdfTeX warning: pdflatex.exe (file ./FIGS/hedcut/svg/einstein-medium-5000-h-non
black.pdf): PDF inclusion: multiple pdfs with page group included in a single p
age
> <./FIGS/voronoi/svg/einstein-medium-5000-v-c.pdf

pdfTeX warning: pdflatex.exe (file ./FIGS/voronoi/svg/einstein-medium-5000-v-c.
pdf): PDF inclusion: multiple pdfs with page group included in a single page
> <./FIGS/hedcut/svg/einstein-5000-h-nonblack.pdf

pdfTeX warning: pdflatex.exe (file ./FIGS/hedcut/svg/einstein-5000-h-nonblack.p
df): PDF inclusion: multiple pdfs with page group included in a single page
> <./FIGS/voronoi/svg/einstein-5000-v-c.pdf

pdfTeX warning: pdflatex.exe (file ./FIGS/voronoi/svg/einstein-5000-v-c.pdf): P
DF inclusion: multiple pdfs with page group included in a single page
>]
<FIGS/hedcut/svg/einstein-medium-250000-h-nonblack.pdf, id=231, 451.32222pt x 4
83.41296pt>
File: FIGS/hedcut/svg/einstein-medium-250000-h-nonblack.pdf Graphic file (type 
pdf)
 <use FIGS/hedcut/svg/einstein-medium-250000-h-nonblack.pdf>
Package pdftex.def Info: FIGS/hedcut/svg/einstein-medium-250000-h-nonblack.pdf 
used on input line 400.
(pdftex.def)             Requested size: 108.04163pt x 115.71904pt.

<FIGS/voronoi/svg/einstein-medium-250000-v-c.pdf, id=232, 452.04068pt x 481.877
35pt>
File: FIGS/voronoi/svg/einstein-medium-250000-v-c.pdf Graphic file (type pdf)
 <use FIGS/voronoi/svg/einstein-medium-250000-v-c.pdf>
Package pdftex.def Info: FIGS/voronoi/svg/einstein-medium-250000-v-c.pdf used o
n input line 400.
(pdftex.def)             Requested size: 108.04163pt x 115.16763pt.

<FIGS/hedcut/svg/einstein-250000-h-nonblack.pdf, id=233, 944.3781pt x 1010.0117
3pt>
File: FIGS/hedcut/svg/einstein-250000-h-nonblack.pdf Graphic file (type pdf)
 <use FIGS/hedcut/svg/einstein-250000-h-nonblack.pdf>
Package pdftex.def Info: FIGS/hedcut/svg/einstein-250000-h-nonblack.pdf used on
 input line 408.
(pdftex.def)             Requested size: 108.04163pt x 115.54015pt.

<FIGS/voronoi/svg/einstein-250000-v-c.pdf, id=234, 948.1764pt x 1010.79843pt>
File: FIGS/voronoi/svg/einstein-250000-v-c.pdf Graphic file (type pdf)

<use FIGS/voronoi/svg/einstein-250000-v-c.pdf>
Package pdftex.def Info: FIGS/voronoi/svg/einstein-250000-v-c.pdf used on input
 line 408.
(pdftex.def)             Requested size: 108.04163pt x 115.16743pt.

<FIGS/pooh_grayscale/b1-h.pdf, id=237, 362.00598pt x 667.14595pt>
File: FIGS/pooh_grayscale/b1-h.pdf Graphic file (type pdf)

<use FIGS/pooh_grayscale/b1-h.pdf>
Package pdftex.def Info: FIGS/pooh_grayscale/b1-h.pdf used on input line 415.
(pdftex.def)             Requested size: 61.07043pt x 112.53784pt.

<FIGS/pooh_grayscale/b2-h.pdf, id=238, 364.70215pt x 669.11792pt>
File: FIGS/pooh_grayscale/b2-h.pdf Graphic file (type pdf)

<use FIGS/pooh_grayscale/b2-h.pdf>
Package pdftex.def Info: FIGS/pooh_grayscale/b2-h.pdf used on input line 417.
(pdftex.def)             Requested size: 61.07043pt x 112.04349pt.

<FIGS/pooh_grayscale/b3-h.pdf, id=239, 361.24269pt x 669.57826pt>
File: FIGS/pooh_grayscale/b3-h.pdf Graphic file (type pdf)

<use FIGS/pooh_grayscale/b3-h.pdf>
Package pdftex.def Info: FIGS/pooh_grayscale/b3-h.pdf used on input line 419.
(pdftex.def)             Requested size: 61.07043pt x 113.19334pt.

<FIGS/pooh_grayscale/b4-h.pdf, id=240, 363.55977pt x 667.36748pt>
File: FIGS/pooh_grayscale/b4-h.pdf Graphic file (type pdf)

<use FIGS/pooh_grayscale/b4-h.pdf>
Package pdftex.def Info: FIGS/pooh_grayscale/b4-h.pdf used on input line 421.
(pdftex.def)             Requested size: 61.07043pt x 112.0966pt.

<FIGS/pooh_grayscale/b1-v.pdf, id=241, 301.20314pt x 505.18475pt>
File: FIGS/pooh_grayscale/b1-v.pdf Graphic file (type pdf)

<use FIGS/pooh_grayscale/b1-v.pdf>
Package pdftex.def Info: FIGS/pooh_grayscale/b1-v.pdf used on input line 427.
(pdftex.def)             Requested size: 61.07043pt x 102.42268pt.

<FIGS/pooh_grayscale/b2-v.pdf, id=242, 360.28603pt x 665.73308pt>
File: FIGS/pooh_grayscale/b2-v.pdf Graphic file (type pdf)

<use FIGS/pooh_grayscale/b2-v.pdf>
Package pdftex.def Info: FIGS/pooh_grayscale/b2-v.pdf used on input line 429.
(pdftex.def)             Requested size: 61.07043pt x 112.83789pt.

<FIGS/pooh_grayscale/b3-v.pdf, id=243, 362.60411pt x 667.99403pt>
File: FIGS/pooh_grayscale/b3-v.pdf Graphic file (type pdf)

<use FIGS/pooh_grayscale/b3-v.pdf>
Package pdftex.def Info: FIGS/pooh_grayscale/b3-v.pdf used on input line 431.
(pdftex.def)             Requested size: 61.07043pt x 112.49744pt.

<FIGS/pooh_grayscale/b4-v.pdf, id=244, 363.54028pt x 667.47537pt>
File: FIGS/pooh_grayscale/b4-v.pdf Graphic file (type pdf)

<use FIGS/pooh_grayscale/b4-v.pdf>
Package pdftex.def Info: FIGS/pooh_grayscale/b4-v.pdf used on input line 433.
(pdftex.def)             Requested size: 61.07043pt x 112.12491pt.

<FIGS/pooh_grayscale/c1-h.pdf, id=247, 363.98659pt x 668.5837pt>
File: FIGS/pooh_grayscale/c1-h.pdf Graphic file (type pdf)

<use FIGS/pooh_grayscale/c1-h.pdf>
Package pdftex.def Info: FIGS/pooh_grayscale/c1-h.pdf used on input line 441.
(pdftex.def)             Requested size: 93.94955pt x 172.56264pt.

<FIGS/pooh_grayscale/c2-h.pdf, id=248, 364.89317pt x 669.42944pt>
File: FIGS/pooh_grayscale/c2-h.pdf Graphic file (type pdf)

<use FIGS/pooh_grayscale/c2-h.pdf>
Package pdftex.def Info: FIGS/pooh_grayscale/c2-h.pdf used on input line 443.
(pdftex.def)             Requested size: 93.94955pt x 172.35191pt.

<FIGS/pooh_grayscale/c3-h.pdf, id=249, 359.85022pt x 667.34752pt>
File: FIGS/pooh_grayscale/c3-h.pdf Graphic file (type pdf)

<use FIGS/pooh_grayscale/c3-h.pdf>
Package pdftex.def Info: FIGS/pooh_grayscale/c3-h.pdf used on input line 445.
(pdftex.def)             Requested size: 93.94955pt x 174.22925pt.

<FIGS/pooh_grayscale/c4-h.pdf, id=250, 358.2936pt x 665.92955pt>
File: FIGS/pooh_grayscale/c4-h.pdf Graphic file (type pdf)

<use FIGS/pooh_grayscale/c4-h.pdf>
Package pdftex.def Info: FIGS/pooh_grayscale/c4-h.pdf used on input line 447.
(pdftex.def)             Requested size: 93.94955pt x 174.61098pt.

<FIGS/pooh_grayscale/c1-v.pdf, id=251, 360.74257pt x 663.9441pt>
File: FIGS/pooh_grayscale/c1-v.pdf Graphic file (type pdf)

<use FIGS/pooh_grayscale/c1-v.pdf>
Package pdftex.def Info: FIGS/pooh_grayscale/c1-v.pdf used on input line 453.
(pdftex.def)             Requested size: 93.94955pt x 172.91519pt.

<FIGS/pooh_grayscale/c2-v.pdf, id=252, 360.9557pt x 666.45876pt>
File: FIGS/pooh_grayscale/c2-v.pdf Graphic file (type pdf)

<use FIGS/pooh_grayscale/c2-v.pdf>
Package pdftex.def Info: FIGS/pooh_grayscale/c2-v.pdf used on input line 455.
(pdftex.def)             Requested size: 93.94955pt x 173.45824pt.

<FIGS/pooh_grayscale/c3-v.pdf, id=253, 361.66606pt x 666.00221pt>
File: FIGS/pooh_grayscale/c3-v.pdf Graphic file (type pdf)

<use FIGS/pooh_grayscale/c3-v.pdf>
Package pdftex.def Info: FIGS/pooh_grayscale/c3-v.pdf used on input line 457.
(pdftex.def)             Requested size: 93.94955pt x 173.00404pt.

<FIGS/pooh_grayscale/c4-v.pdf, id=254, 361.36552pt x 666.8011pt>
File: FIGS/pooh_grayscale/c4-v.pdf Graphic file (type pdf)

<use FIGS/pooh_grayscale/c4-v.pdf>
Package pdftex.def Info: FIGS/pooh_grayscale/c4-v.pdf used on input line 459.
(pdftex.def)             Requested size: 93.94955pt x 173.35402pt.
 [8

 <./FIGS/hedcut/svg/einstein-medium-250000-h-nonblack.pdf> <./FIGS/voronoi/svg/
einstein-medium-250000-v-c.pdf

pdfTeX warning: pdflatex.exe (file ./FIGS/voronoi/svg/einstein-medium-250000-v-
c.pdf): PDF inclusion: multiple pdfs with page group included in a single page
> <./FIGS/hedcut/svg/einstein-250000-h-nonblack.pdf

pdfTeX warning: pdflatex.exe (file ./FIGS/hedcut/svg/einstein-250000-h-nonblack
.pdf): PDF inclusion: multiple pdfs with page group included in a single page
> <./FIGS/voronoi/svg/einstein-250000-v-c.pdf

pdfTeX warning: pdflatex.exe (file ./FIGS/voronoi/svg/einstein-250000-v-c.pdf):
 PDF inclusion: multiple pdfs with page group included in a single page
> <./FIGS/pooh_grayscale/b1-h.pdf

pdfTeX warning: pdflatex.exe (file ./FIGS/pooh_grayscale/b1-h.pdf): PDF inclusi
on: multiple pdfs with page group included in a single page
> <./FIGS/pooh_grayscale/b2-h.pdf

pdfTeX warning: pdflatex.exe (file ./FIGS/pooh_grayscale/b2-h.pdf): PDF inclusi
on: multiple pdfs with page group included in a single page
> <./FIGS/pooh_grayscale/b3-h.pdf

pdfTeX warning: pdflatex.exe (file ./FIGS/pooh_grayscale/b3-h.pdf): PDF inclusi
on: multiple pdfs with page group included in a single page
> <./FIGS/pooh_grayscale/b4-h.pdf

pdfTeX warning: pdflatex.exe (file ./FIGS/pooh_grayscale/b4-h.pdf): PDF inclusi
on: multiple pdfs with page group included in a single page
> <./FIGS/pooh_grayscale/b1-v.pdf

pdfTeX warning: pdflatex.exe (file ./FIGS/pooh_grayscale/b1-v.pdf): PDF inclusi
on: multiple pdfs with page group included in a single page
> <./FIGS/pooh_grayscale/b2-v.pdf

pdfTeX warning: pdflatex.exe (file ./FIGS/pooh_grayscale/b2-v.pdf): PDF inclusi
on: multiple pdfs with page group included in a single page
> <./FIGS/pooh_grayscale/b3-v.pdf

pdfTeX warning: pdflatex.exe (file ./FIGS/pooh_grayscale/b3-v.pdf): PDF inclusi
on: multiple pdfs with page group included in a single page
> <./FIGS/pooh_grayscale/b4-v.pdf

pdfTeX warning: pdflatex.exe (file ./FIGS/pooh_grayscale/b4-v.pdf): PDF inclusi
on: multiple pdfs with page group included in a single page
>] <FIGS/type/urban-10000-h.pdf, id=279, 633.3861pt x 476.7264pt>
File: FIGS/type/urban-10000-h.pdf Graphic file (type pdf)

<use FIGS/type/urban-10000-h.pdf>
Package pdftex.def Info: FIGS/type/urban-10000-h.pdf used on input line 468.
(pdftex.def)             Requested size: 187.89912pt x 141.42596pt.

<FIGS/type/urban-v.pdf, id=280, 633.3861pt x 476.7264pt>
File: FIGS/type/urban-v.pdf Graphic file (type pdf)

<use FIGS/type/urban-v.pdf>
Package pdftex.def Info: FIGS/type/urban-v.pdf used on input line 471.
(pdftex.def)             Requested size: 187.89912pt x 141.42596pt.

<FIGS/type/countryside-10000-h.pdf, id=281, 634.58038pt x 476.824pt>
File: FIGS/type/countryside-10000-h.pdf Graphic file (type pdf)

<use FIGS/type/countryside-10000-h.pdf>
Package pdftex.def Info: FIGS/type/countryside-10000-h.pdf used on input line 4
79.
(pdftex.def)             Requested size: 187.89912pt x 141.18571pt.

<FIGS/type/countryside-v.pdf, id=282, 632.33101pt x 474.13297pt>
File: FIGS/type/countryside-v.pdf Graphic file (type pdf)

<use FIGS/type/countryside-v.pdf>
Package pdftex.def Info: FIGS/type/countryside-v.pdf used on input line 482.
(pdftex.def)             Requested size: 187.89912pt x 140.88809pt.
 [9 <./FIGS/pooh_grayscale/c1-h.pdf> <./FIGS/pooh_grayscale/c2-h.pdf

pdfTeX warning: pdflatex.exe (file ./FIGS/pooh_grayscale/c2-h.pdf): PDF inclusi
on: multiple pdfs with page group included in a single page
> <./FIGS/pooh_grayscale/c3-h.pdf

pdfTeX warning: pdflatex.exe (file ./FIGS/pooh_grayscale/c3-h.pdf): PDF inclusi
on: multiple pdfs with page group included in a single page
> <./FIGS/pooh_grayscale/c4-h.pdf

pdfTeX warning: pdflatex.exe (file ./FIGS/pooh_grayscale/c4-h.pdf): PDF inclusi
on: multiple pdfs with page group included in a single page
> <./FIGS/pooh_grayscale/c1-v.pdf

pdfTeX warning: pdflatex.exe (file ./FIGS/pooh_grayscale/c1-v.pdf): PDF inclusi
on: multiple pdfs with page group included in a single page
> <./FIGS/pooh_grayscale/c2-v.pdf

pdfTeX warning: pdflatex.exe (file ./FIGS/pooh_grayscale/c2-v.pdf): PDF inclusi
on: multiple pdfs with page group included in a single page
> <./FIGS/pooh_grayscale/c3-v.pdf

pdfTeX warning: pdflatex.exe (file ./FIGS/pooh_grayscale/c3-v.pdf): PDF inclusi
on: multiple pdfs with page group included in a single page
> <./FIGS/pooh_grayscale/c4-v.pdf

pdfTeX warning: pdflatex.exe (file ./FIGS/pooh_grayscale/c4-v.pdf): PDF inclusi
on: multiple pdfs with page group included in a single page
>] [10 <./FIGS/type/urban-10000-h.pdf> <./FIGS/type/urban-v.pdf

pdfTeX warning: pdflatex.exe (file ./FIGS/type/urban-v.pdf): PDF inclusion: mul
tiple pdfs with page group included in a single page
> <./FIGS/type/countryside-10000-h.pdf

pdfTeX warning: pdflatex.exe (file ./FIGS/type/countryside-10000-h.pdf): PDF in
clusion: multiple pdfs with page group included in a single page
> <./FIGS/type/countryside-v.pdf

pdfTeX warning: pdflatex.exe (file ./FIGS/type/countryside-v.pdf): PDF inclusio
n: multiple pdfs with page group included in a single page
>]

LaTeX Warning: No positions in optional float specifier.
               Default added (so using `tbp') on input line 489.

<FIGS/type/person-10000-h.pdf, id=314, 392.51997pt x 707.02872pt>
File: FIGS/type/person-10000-h.pdf Graphic file (type pdf)

<use FIGS/type/person-10000-h.pdf>
Package pdftex.def Info: FIGS/type/person-10000-h.pdf used on input line 492.
(pdftex.def)             Requested size: 108.04163pt x 194.6115pt.

<FIGS/type/person-v.pdf, id=315, 384.45923pt x 707.47614pt>
File: FIGS/type/person-v.pdf Graphic file (type pdf)

<use FIGS/type/person-v.pdf>
Package pdftex.def Info: FIGS/type/person-v.pdf used on input line 495.
(pdftex.def)             Requested size: 108.04163pt x 198.81525pt.

<FIGS/type/bb8-10000-h.pdf, id=316, 508.15196pt x 699.19942pt>
File: FIGS/type/bb8-10000-h.pdf Graphic file (type pdf)

<use FIGS/type/bb8-10000-h.pdf>
Package pdftex.def Info: FIGS/type/bb8-10000-h.pdf used on input line 503.
(pdftex.def)             Requested size: 108.04163pt x 148.66058pt.

<FIGS/type/bb8-v.pdf, id=317, 445.02736pt x 693.25613pt>
File: FIGS/type/bb8-v.pdf Graphic file (type pdf)

<use FIGS/type/bb8-v.pdf>
Package pdftex.def Info: FIGS/type/bb8-v.pdf used on input line 506.
(pdftex.def)             Requested size: 108.04163pt x 168.29953pt.


LaTeX Warning: `h' float specifier changed to `ht'.

[11 <./FIGS/type/person-10000-h.pdf> <./FIGS/type/person-v.pdf

pdfTeX warning: pdflatex.exe (file ./FIGS/type/person-v.pdf): PDF inclusion: mu
ltiple pdfs with page group included in a single page
> <./FIGS/type/bb8-10000-h.pdf

pdfTeX warning: pdflatex.exe (file ./FIGS/type/bb8-10000-h.pdf): PDF inclusion:
 multiple pdfs with page group included in a single page
> <./FIGS/type/bb8-v.pdf

pdfTeX warning: pdflatex.exe (file ./FIGS/type/bb8-v.pdf): PDF inclusion: multi
ple pdfs with page group included in a single page
>] <FIGS/wsj/emma-thompson-face.png, id=334, 137.01187pt x 180.675pt>
File: FIGS/wsj/emma-thompson-face.png Graphic file (type png)

<use FIGS/wsj/emma-thompson-face.png>
Package pdftex.def Info: FIGS/wsj/emma-thompson-face.png used on input line 518
.
(pdftex.def)             Requested size: 93.94955pt x 123.89119pt.

<FIGS/wsj/emma-thompson-face-15000-h.pdf, id=335, 146.29755pt x 193.50726pt>
File: FIGS/wsj/emma-thompson-face-15000-h.pdf Graphic file (type pdf)

<use FIGS/wsj/emma-thompson-face-15000-h.pdf>
Package pdftex.def Info: FIGS/wsj/emma-thompson-face-15000-h.pdf used on input 
line 521.
(pdftex.def)             Requested size: 93.94955pt x 124.26645pt.

<FIGS/wsj/emma-thompson-face-15000-v.pdf, id=336, 144.79695pt x 192.76111pt>
File: FIGS/wsj/emma-thompson-face-15000-v.pdf Graphic file (type pdf)

<use FIGS/wsj/emma-thompson-face-15000-v.pdf>
Package pdftex.def Info: FIGS/wsj/emma-thompson-face-15000-v.pdf used on input 
line 524.
(pdftex.def)             Requested size: 93.94955pt x 125.07556pt.

<FIGS/wsj/Emma-Thompson-wsj.png, id=337, 194.22563pt x 276.28218pt>
File: FIGS/wsj/Emma-Thompson-wsj.png Graphic file (type png)

<use FIGS/wsj/Emma-Thompson-wsj.png>
Package pdftex.def Info: FIGS/wsj/Emma-Thompson-wsj.png used on input line 527.

(pdftex.def)             Requested size: 89.2546pt x 126.96486pt.

<FIGS/parrot/parrot-5000-h.pdf, id=338, 467.19897pt x 597.28497pt>
File: FIGS/parrot/parrot-5000-h.pdf Graphic file (type pdf)

<use FIGS/parrot/parrot-5000-h.pdf>
Package pdftex.def Info: FIGS/parrot/parrot-5000-h.pdf used on input line 538.
(pdftex.def)             Requested size: 117.43874pt x 150.132pt.

<FIGS/parrot/parrot-10000-h.pdf, id=339, 470.41098pt x 601.29997pt>
File: FIGS/parrot/parrot-10000-h.pdf Graphic file (type pdf)

<use FIGS/parrot/parrot-10000-h.pdf>
Package pdftex.def Info: FIGS/parrot/parrot-10000-h.pdf used on input line 541.

(pdftex.def)             Requested size: 117.43874pt x 150.11359pt.

<FIGS/parrot/parrot-5000-v.pdf, id=340, 379.40935pt x 510.6464pt>
File: FIGS/parrot/parrot-5000-v.pdf Graphic file (type pdf)

<use FIGS/parrot/parrot-5000-v.pdf>
Package pdftex.def Info: FIGS/parrot/parrot-5000-v.pdf used on input line 549.
(pdftex.def)             Requested size: 117.43874pt x 158.05719pt.

<FIGS/parrot/parrot-10000-v.pdf, id=341, 380.52344pt x 511.22809pt>
File: FIGS/parrot/parrot-10000-v.pdf Graphic file (type pdf)

<use FIGS/parrot/parrot-10000-v.pdf>
Package pdftex.def Info: FIGS/parrot/parrot-10000-v.pdf used on input line 552.

(pdftex.def)             Requested size: 117.43874pt x 157.77701pt.
 [12


 <./FIGS/wsj/emma-thompson-face.png> <./FIGS/wsj/emma-thompson-face-15000-h.pdf
> <./FIGS/wsj/emma-thompson-face-15000-v.pdf

pdfTeX warning: pdflatex.exe (file ./FIGS/wsj/emma-thompson-face-15000-v.pdf): 
PDF inclusion: multiple pdfs with page group included in a single page
> <./FIGS/wsj/Emma-Thompson-wsj.png>] [13 <./FIGS/parrot/parrot-5000-h.pdf> <./
FIGS/parrot/parrot-10000-h.pdf

pdfTeX warning: pdflatex.exe (file ./FIGS/parrot/parrot-10000-h.pdf): PDF inclu
sion: multiple pdfs with page group included in a single page
> <./FIGS/parrot/parrot-5000-v.pdf

pdfTeX warning: pdflatex.exe (file ./FIGS/parrot/parrot-5000-v.pdf): PDF inclus
ion: multiple pdfs with page group included in a single page
> <./FIGS/parrot/parrot-10000-v.pdf

pdfTeX warning: pdflatex.exe (file ./FIGS/parrot/parrot-10000-v.pdf): PDF inclu
sion: multiple pdfs with page group included in a single page
>] (./report.bbl (./report.brf)
\tf@brf=\write5
\openout5 = `report.brf'.

)
Package atveryend Info: Empty hook `BeforeClearDocument' on input line 565.
 [14

]
Package atveryend Info: Empty hook `AfterLastShipout' on input line 565.
 (./report.aux)
Package atveryend Info: Executing hook `AtVeryEndDocument' on input line 565.
Package atveryend Info: Executing hook `AtEndAfterFileList' on input line 565.
Package rerunfilecheck Info: File `report.out' has not changed.
(rerunfilecheck)             Checksum: 0F2C4CE4214938B0CEE7C06793D152AD;1487.
Package rerunfilecheck Info: File `report.brf' has not changed.
(rerunfilecheck)             Checksum: F3994910C48811CCD5E4E2F5AB9BB19F;355.


LaTeX Warning: There were undefined references.


LaTeX Warning: There were multiply-defined labels.

Package atveryend Info: Empty hook `AtVeryVeryEnd' on input line 565.
 ) 
Here is how much of TeX's memory you used:
 10199 strings out of 493054
 158266 string characters out of 6138326
 251062 words of memory out of 5000000
 13375 multiletter control sequences out of 15000+600000
 10769 words of font info for 42 fonts, out of 8000000 for 9000
 1141 hyphenation exceptions out of 8191
 68i,13n,98p,1137b,625s stack positions out of 5000i,500n,10000p,200000b,80000s
<c:/texlive/2015/texmf-dist/fonts/type1/public/amsfonts/cm/cmbx10.pfb><c:/tex
live/2015/texmf-dist/fonts/type1/public/amsfonts/cm/cmbx12.pfb><c:/texlive/2015
/texmf-dist/fonts/type1/public/amsfonts/cm/cmex10.pfb><c:/texlive/2015/texmf-di
st/fonts/type1/public/amsfonts/cm/cmmi10.pfb><c:/texlive/2015/texmf-dist/fonts/
type1/public/amsfonts/cm/cmmi8.pfb><c:/texlive/2015/texmf-dist/fonts/type1/publ
ic/amsfonts/cm/cmr10.pfb><c:/texlive/2015/texmf-dist/fonts/type1/public/amsfont
s/cm/cmr12.pfb><c:/texlive/2015/texmf-dist/fonts/type1/public/amsfonts/cm/cmr8.
pfb><c:/texlive/2015/texmf-dist/fonts/type1/public/amsfonts/cm/cmr9.pfb><c:/tex
live/2015/texmf-dist/fonts/type1/public/amsfonts/cm/cmsy10.pfb><c:/texlive/2015
/texmf-dist/fonts/type1/public/amsfonts/cm/cmti10.pfb>
Output written on report.pdf (14 pages, 77468814 bytes).
PDF statistics:
 444 PDF objects out of 1000 (max. 8388607)
 337 compressed objects within 4 object streams
 112 named destinations out of 1000 (max. 500000)
 440 words of extra memory for PDF output out of 10000 (max. 10000000)

