빌드 시작: 2015-11-11 오후 4:21:39
2 노드의 "C:\Users\Yunjoo\Documents\projects\stippling\hedcuter\code\vc_files\hedcut.vcxproj" 프로젝트(Build 대상)입니다.
ClCompile:
  C:\Program Files (x86)\Microsoft Visual Studio 12.0\VC\bin\x86_amd64\CL.exe /c /IC:\Users\Yunjoo\Documents\projects\opencv\build\include /I../mathtool /Zi /nologo /W3 /WX- /sdl /O2 /Oi /GL /D _MBCS /Gm- /EHsc /MD /GS /Gy /fp:precise /Zc:wchar_t /Zc:forScope /Fo"x64\Release\\" /Fd"x64\Release\vc120.pdb" /Gd /TP /errorReport:prompt ..\main.cpp
  main.cpp
c:\users\yunjoo\documents\projects\stippling\hedcuter\code\wcvt.h(98): warning C4244: '초기화 중' : 'double'에서 'float'(으)로 변환하면서 데이터가 손실될 수 있습니다.
c:\users\yunjoo\documents\projects\stippling\hedcuter\code\simple_svg_1.0.0.hpp(468): warning C4520: 'svg::Polygon' : 기본 생성자를 여러 개 지정했습니다.
c:\users\yunjoo\documents\projects\stippling\hedcuter\code\simple_svg_1.0.0.hpp(505): warning C4520: 'svg::Polyline' : 기본 생성자를 여러 개 지정했습니다.
..\main.cpp(10): warning C4267: '초기화 중' : 'size_t'에서 'int'(으)로 변환하면서 데이터가 손실될 수 있습니다.
..\main.cpp(11): warning C4267: '초기화 중' : 'size_t'에서 'int'(으)로 변환하면서 데이터가 손실될 수 있습니다.
..\main.cpp(44): warning C4244: '=' : 'double'에서 'float'(으)로 변환하면서 데이터가 손실될 수 있습니다.
..\main.cpp(46): warning C4244: '=' : 'double'에서 'float'(으)로 변환하면서 데이터가 손실될 수 있습니다.
..\main.cpp(91): warning C4244: '초기화 중' : 'const double'에서 'uchar'(으)로 변환하면서 데이터가 손실될 수 있습니다.
..\main.cpp(92): warning C4244: '초기화 중' : 'const double'에서 'uchar'(으)로 변환하면서 데이터가 손실될 수 있습니다.
..\main.cpp(93): warning C4244: '초기화 중' : 'const double'에서 'uchar'(으)로 변환하면서 데이터가 손실될 수 있습니다.
Link:
  C:\Program Files (x86)\Microsoft Visual Studio 12.0\VC\bin\x86_amd64\link.exe /ERRORREPORT:PROMPT /OUT:"C:\Users\Yunjoo\Documents\projects\stippling\hedcuter\code\vc_files\x64\Release\hedcut.exe" /NOLOGO /LIBPATH:C:\Users\Yunjoo\Documents\projects\opencv\build\x64\vc10\lib opencv_highgui2410.lib opencv_core2410.lib opencv_imgproc2410.lib opencv_flann2410.lib opencv_contrib2410.lib opencv_features2d2410.lib kernel32.lib user32.lib gdi32.lib winspool.lib comdlg32.lib advapi32.lib shell32.lib ole32.lib oleaut32.lib uuid.lib odbc32.lib odbccp32.lib /MANIFEST /MANIFESTUAC:"level='asInvoker' uiAccess='false'" /manifest:embed /DEBUG /PDB:"C:\Users\Yunjoo\Documents\projects\stippling\hedcuter\code\vc_files\x64\Release\hedcut.pdb" /OPT:REF /OPT:ICF /LTCG /TLBID:1 /DYNAMICBASE /NXCOMPAT /IMPLIB:"C:\Users\Yunjoo\Documents\projects\stippling\hedcuter\code\vc_files\x64\Release\hedcut.lib" /MACHINE:X64 x64\Release\hedcut.obj
  x64\Release\main.obj
  x64\Release\wcvt.obj
  x64\Release\wcvt_gpu.obj
  코드를 생성하고 있습니다.
  코드를 생성했습니다.
  hedcut.vcxproj -> C:\Users\Yunjoo\Documents\projects\stippling\hedcuter\code\vc_files\x64\Release\hedcut.exe
"C:\Users\Yunjoo\Documents\projects\stippling\hedcuter\code\vc_files\hedcut.vcxproj" 프로젝트를 빌드했습니다(Build 대상).

빌드했습니다.

경과 시간: 00:00:05.29
